# JRE version: OpenJDK Runtime Environment Microsoft-8035246 (17.0.8+7) (build 17.0.8+7-LTS)
# Java VM: OpenJDK 64-Bit Server VM Microsoft-8035246 (17.0.8+7-LTS, mixed mode, sharing, tiered, compressed oops, compressed class ptrs, g1 gc, windows-amd64)
GC Precious Log:
 CPUs: 4 total, 4 available
 Memory: 8126M
 Large Page Support: Disabled
 NUMA Support: Disabled
 Compressed Oops: Enabled (32-bit)
 Heap Region Size: 1M
 Heap Min Capacity: 8M
 Heap Initial Capacity: 128M
 Heap Max Capacity: 2G
 Pre-touch: Disabled
 Parallel Workers: 4
 Concurrent Workers: 1
 Concurrent Refinement Workers: 4
 Periodic GC: Disabled
Heap:
 garbage-first heap   total 261120K, used 205283K [0x0000000080000000, 0x0000000100000000)
  region size 1024K, 23 young (23552K), 5 survivors (5120K)
 Metaspace       used 103002K, committed 104192K, reserved 557056K
  class space    used 14448K, committed 14976K, reserved 425984K
GC Heap History (20 events):
Event: 47.995 GC heap before
{Heap before GC invocations=62 (full 0):
 garbage-first heap   total 206848K, used 169340K [0x0000000080000000, 0x0000000100000000)
  region size 1024K, 48 young (49152K), 5 survivors (5120K)
 Metaspace       used 94745K, committed 95616K, reserved 557056K
  class space    used 13408K, committed 13824K, reserved 425984K
}
Event: 48.006 GC heap after
{Heap after GC invocations=63 (full 0):
 garbage-first heap   total 206848K, used 132228K [0x0000000080000000, 0x0000000100000000)
  region size 1024K, 6 young (6144K), 6 survivors (6144K)
 Metaspace       used 94745K, committed 95616K, reserved 557056K
  class space    used 13408K, committed 13824K, reserved 425984K
}
Event: 48.205 GC heap before
{Heap before GC invocations=63 (full 0):
 garbage-first heap   total 206848K, used 170116K [0x0000000080000000, 0x0000000100000000)
  region size 1024K, 43 young (44032K), 6 survivors (6144K)
 Metaspace       used 94797K, committed 95680K, reserved 557056K
  class space    used 13412K, committed 13824K, reserved 425984K
}
Event: 48.214 GC heap after
{Heap after GC invocations=64 (full 0):
 garbage-first heap   total 206848K, used 139483K [0x0000000080000000, 0x0000000100000000)
  region size 1024K, 6 young (6144K), 6 survivors (6144K)
 Metaspace       used 94797K, committed 95680K, reserved 557056K
  class space    used 13412K, committed 13824K, reserved 425984K
}
Event: 48.607 GC heap before
{Heap before GC invocations=64 (full 0):
 garbage-first heap   total 206848K, used 172251K [0x0000000080000000, 0x0000000100000000)
  region size 1024K, 37 young (37888K), 6 survivors (6144K)
 Metaspace       used 95242K, committed 96256K, reserved 557056K
  class space    used 13461K, committed 13888K, reserved 425984K
}
Event: 48.616 GC heap after
{Heap after GC invocations=65 (full 0):
 garbage-first heap   total 206848K, used 145015K [0x0000000080000000, 0x0000000100000000)
  region size 1024K, 5 young (5120K), 5 survivors (5120K)
 Metaspace       used 95242K, committed 96256K, reserved 557056K
  class space    used 13461K, committed 13888K, reserved 425984K
}
Event: 49.048 GC heap before
{Heap before GC invocations=65 (full 0):
 garbage-first heap   total 206848K, used 172663K [0x0000000080000000, 0x0000000100000000)
  region size 1024K, 32 young (32768K), 5 survivors (5120K)
 Metaspace       used 95537K, committed 96576K, reserved 557056K
  class space    used 13489K, committed 13952K, reserved 425984K
}
Event: 49.056 GC heap after
{Heap after GC invocations=66 (full 0):
 garbage-first heap   total 261120K, used 153911K [0x0000000080000000, 0x0000000100000000)
  region size 1024K, 4 young (4096K), 4 survivors (4096K)
 Metaspace       used 95537K, committed 96576K, reserved 557056K
  class space    used 13489K, committed 13952K, reserved 425984K
}
Event: 49.781 GC heap before
{Heap before GC invocations=66 (full 0):
 garbage-first heap   total 261120K, used 207159K [0x0000000080000000, 0x0000000100000000)
  region size 1024K, 55 young (56320K), 4 survivors (4096K)
 Metaspace       used 96675K, committed 97728K, reserved 557056K
  class space    used 13649K, committed 14144K, reserved 425984K
}
Event: 49.790 GC heap after
{Heap after GC invocations=67 (full 0):
 garbage-first heap   total 261120K, used 166283K [0x0000000080000000, 0x0000000100000000)
  region size 1024K, 7 young (7168K), 7 survivors (7168K)
 Metaspace       used 96675K, committed 97728K, reserved 557056K
  class space    used 13649K, committed 14144K, reserved 425984K
}
Event: 50.436 GC heap before
{Heap before GC invocations=67 (full 0):
 garbage-first heap   total 261120K, used 210315K [0x0000000080000000, 0x0000000100000000)
  region size 1024K, 50 young (51200K), 7 survivors (7168K)
 Metaspace       used 100749K, committed 101888K, reserved 557056K
  class space    used 14208K, committed 14720K, reserved 425984K
}
Event: 50.447 GC heap after
{Heap after GC invocations=68 (full 0):
 garbage-first heap   total 261120K, used 170470K [0x0000000080000000, 0x0000000100000000)
  region size 1024K, 4 young (4096K), 4 survivors (4096K)
 Metaspace       used 100749K, committed 101888K, reserved 557056K
  class space    used 14208K, committed 14720K, reserved 425984K
}
Event: 51.827 GC heap before
{Heap before GC invocations=68 (full 0):
 garbage-first heap   total 261120K, used 213478K [0x0000000080000000, 0x0000000100000000)
  region size 1024K, 46 young (47104K), 4 survivors (4096K)
 Metaspace       used 101576K, committed 102656K, reserved 557056K
  class space    used 14279K, committed 14784K, reserved 425984K
}
Event: 51.837 GC heap after
{Heap after GC invocations=69 (full 0):
 garbage-first heap   total 261120K, used 176128K [0x0000000080000000, 0x0000000100000000)
  region size 1024K, 6 young (6144K), 6 survivors (6144K)
 Metaspace       used 101576K, committed 102656K, reserved 557056K
  class space    used 14279K, committed 14784K, reserved 425984K
}
Event: 52.719 GC heap before
{Heap before GC invocations=69 (full 0):
 garbage-first heap   total 261120K, used 216064K [0x0000000080000000, 0x0000000100000000)
  region size 1024K, 45 young (46080K), 6 survivors (6144K)
 Metaspace       used 101819K, committed 102912K, reserved 557056K
  class space    used 14294K, committed 14784K, reserved 425984K
}
Event: 52.733 GC heap after
{Heap after GC invocations=70 (full 0):
 garbage-first heap   total 261120K, used 181586K [0x0000000080000000, 0x0000000100000000)
  region size 1024K, 5 young (5120K), 5 survivors (5120K)
 Metaspace       used 101819K, committed 102912K, reserved 557056K
  class space    used 14294K, committed 14784K, reserved 425984K
}
Event: 53.710 GC heap before
{Heap before GC invocations=70 (full 0):
 garbage-first heap   total 261120K, used 216402K [0x0000000080000000, 0x0000000100000000)
  region size 1024K, 40 young (40960K), 5 survivors (5120K)
 Metaspace       used 102587K, committed 103680K, reserved 557056K
  class space    used 14401K, committed 14912K, reserved 425984K
}
Event: 53.719 GC heap after
{Heap after GC invocations=71 (full 0):
 garbage-first heap   total 261120K, used 184023K [0x0000000080000000, 0x0000000100000000)
  region size 1024K, 3 young (3072K), 3 survivors (3072K)
 Metaspace       used 102587K, committed 103680K, reserved 557056K
  class space    used 14401K, committed 14912K, reserved 425984K
}
Event: 54.402 GC heap before
{Heap before GC invocations=71 (full 0):
 garbage-first heap   total 261120K, used 219863K [0x0000000080000000, 0x0000000100000000)
  region size 1024K, 38 young (38912K), 3 survivors (3072K)
 Metaspace       used 102977K, committed 104128K, reserved 557056K
  class space    used 14447K, committed 14976K, reserved 425984K
}
Event: 54.410 GC heap after
{Heap after GC invocations=72 (full 0):
 garbage-first heap   total 261120K, used 187875K [0x0000000080000000, 0x0000000100000000)
  region size 1024K, 5 young (5120K), 5 survivors (5120K)
 Metaspace       used 102977K, committed 104128K, reserved 557056K
  class space    used 14447K, committed 14976K, reserved 425984K
}

