# JRE version: OpenJDK Runtime Environment Microsoft-8035246 (17.0.8+7) (build 17.0.8+7-LTS)
# Java VM: OpenJDK 64-Bit Server VM Microsoft-8035246 (17.0.8+7-LTS, mixed mode, sharing, tiered, compressed oops, compressed class ptrs, g1 gc, windows-amd64)
GC Precious Log:
 CPUs: 4 total, 4 available
 Memory: 8126M
 Large Page Support: Disabled
 NUMA Support: Disabled
 Compressed Oops: Enabled (32-bit)
 Heap Region Size: 1M
 Heap Min Capacity: 8M
 Heap Initial Capacity: 128M
 Heap Max Capacity: 2G
 Pre-touch: Disabled
 Parallel Workers: 4
 Concurrent Workers: 1
 Concurrent Refinement Workers: 4
 Periodic GC: Disabled
Heap:
 garbage-first heap   total 236544K, used 195392K [0x0000000080000000, 0x0000000100000000)
  region size 1024K, 12 young (12288K), 3 survivors (3072K)
 Metaspace       used 103065K, committed 104128K, reserved 557056K
  class space    used 14432K, committed 14912K, reserved 425984K
GC Heap History (20 events):
Event: 47.428 GC heap before
{Heap before GC invocations=55 (full 0):
 garbage-first heap   total 236544K, used 192116K [0x0000000080000000, 0x0000000100000000)
  region size 1024K, 47 young (48128K), 7 survivors (7168K)
 Metaspace       used 96037K, committed 97024K, reserved 557056K
  class space    used 13518K, committed 14016K, reserved 425984K
}
Event: 47.441 GC heap after
{Heap after GC invocations=56 (full 0):
 garbage-first heap   total 236544K, used 162601K [0x0000000080000000, 0x0000000100000000)
  region size 1024K, 6 young (6144K), 6 survivors (6144K)
 Metaspace       used 96037K, committed 97024K, reserved 557056K
  class space    used 13518K, committed 14016K, reserved 425984K
}
Event: 49.489 GC heap before
{Heap before GC invocations=56 (full 0):
 garbage-first heap   total 236544K, used 194345K [0x0000000080000000, 0x0000000100000000)
  region size 1024K, 37 young (37888K), 6 survivors (6144K)
 Metaspace       used 98035K, committed 99072K, reserved 557056K
  class space    used 13842K, committed 14336K, reserved 425984K
}
Event: 49.497 GC heap after
{Heap after GC invocations=57 (full 0):
 garbage-first heap   total 236544K, used 166703K [0x0000000080000000, 0x0000000100000000)
  region size 1024K, 3 young (3072K), 3 survivors (3072K)
 Metaspace       used 98035K, committed 99072K, reserved 557056K
  class space    used 13842K, committed 14336K, reserved 425984K
}
Event: 50.191 GC heap before
{Heap before GC invocations=57 (full 0):
 garbage-first heap   total 236544K, used 196399K [0x0000000080000000, 0x0000000100000000)
  region size 1024K, 32 young (32768K), 3 survivors (3072K)
 Metaspace       used 100842K, committed 101888K, reserved 557056K
  class space    used 14184K, committed 14656K, reserved 425984K
}
Event: 50.202 GC heap after
{Heap after GC invocations=58 (full 0):
 garbage-first heap   total 236544K, used 169158K [0x0000000080000000, 0x0000000100000000)
  region size 1024K, 3 young (3072K), 3 survivors (3072K)
 Metaspace       used 100842K, committed 101888K, reserved 557056K
  class space    used 14184K, committed 14656K, reserved 425984K
}
Event: 50.969 GC heap before
{Heap before GC invocations=58 (full 0):
 garbage-first heap   total 236544K, used 198854K [0x0000000080000000, 0x0000000100000000)
  region size 1024K, 32 young (32768K), 3 survivors (3072K)
 Metaspace       used 101563K, committed 102528K, reserved 557056K
  class space    used 14253K, committed 14720K, reserved 425984K
}
Event: 50.977 GC heap after
{Heap after GC invocations=59 (full 0):
 garbage-first heap   total 236544K, used 173661K [0x0000000080000000, 0x0000000100000000)
  region size 1024K, 4 young (4096K), 4 survivors (4096K)
 Metaspace       used 101563K, committed 102528K, reserved 557056K
  class space    used 14253K, committed 14720K, reserved 425984K
}
Event: 51.839 GC heap before
{Heap before GC invocations=59 (full 0):
 garbage-first heap   total 236544K, used 199261K [0x0000000080000000, 0x0000000100000000)
  region size 1024K, 29 young (29696K), 4 survivors (4096K)
 Metaspace       used 101703K, committed 102720K, reserved 557056K
  class space    used 14253K, committed 14720K, reserved 425984K
}
Event: 51.848 GC heap after
{Heap after GC invocations=60 (full 0):
 garbage-first heap   total 236544K, used 176839K [0x0000000080000000, 0x0000000100000000)
  region size 1024K, 3 young (3072K), 3 survivors (3072K)
 Metaspace       used 101703K, committed 102720K, reserved 557056K
  class space    used 14253K, committed 14720K, reserved 425984K
}
Event: 52.381 GC heap before
{Heap before GC invocations=60 (full 0):
 garbage-first heap   total 236544K, used 201415K [0x0000000080000000, 0x0000000100000000)
  region size 1024K, 27 young (27648K), 3 survivors (3072K)
 Metaspace       used 101876K, committed 102912K, reserved 557056K
  class space    used 14269K, committed 14720K, reserved 425984K
}
Event: 52.388 GC heap after
{Heap after GC invocations=61 (full 0):
 garbage-first heap   total 236544K, used 179692K [0x0000000080000000, 0x0000000100000000)
  region size 1024K, 4 young (4096K), 4 survivors (4096K)
 Metaspace       used 101876K, committed 102912K, reserved 557056K
  class space    used 14269K, committed 14720K, reserved 425984K
}
Event: 52.719 GC heap before
{Heap before GC invocations=61 (full 0):
 garbage-first heap   total 236544K, used 200172K [0x0000000080000000, 0x0000000100000000)
  region size 1024K, 25 young (25600K), 4 survivors (4096K)
 Metaspace       used 102468K, committed 103488K, reserved 557056K
  class space    used 14376K, committed 14848K, reserved 425984K
}
Event: 52.725 GC heap after
{Heap after GC invocations=62 (full 0):
 garbage-first heap   total 236544K, used 182291K [0x0000000080000000, 0x0000000100000000)
  region size 1024K, 3 young (3072K), 3 survivors (3072K)
 Metaspace       used 102468K, committed 103488K, reserved 557056K
  class space    used 14376K, committed 14848K, reserved 425984K
}
Event: 53.081 GC heap before
{Heap before GC invocations=62 (full 0):
 garbage-first heap   total 236544K, used 201747K [0x0000000080000000, 0x0000000100000000)
  region size 1024K, 23 young (23552K), 3 survivors (3072K)
 Metaspace       used 102708K, committed 103808K, reserved 557056K
  class space    used 14385K, committed 14912K, reserved 425984K
}
Event: 53.085 GC heap after
{Heap after GC invocations=63 (full 0):
 garbage-first heap   total 236544K, used 183215K [0x0000000080000000, 0x0000000100000000)
  region size 1024K, 1 young (1024K), 1 survivors (1024K)
 Metaspace       used 102708K, committed 103808K, reserved 557056K
  class space    used 14385K, committed 14912K, reserved 425984K
}
Event: 53.354 GC heap before
{Heap before GC invocations=63 (full 0):
 garbage-first heap   total 236544K, used 204719K [0x0000000080000000, 0x0000000100000000)
  region size 1024K, 22 young (22528K), 1 survivors (1024K)
 Metaspace       used 102913K, committed 104000K, reserved 557056K
  class space    used 14411K, committed 14912K, reserved 425984K
}
Event: 53.357 GC heap after
{Heap after GC invocations=64 (full 0):
 garbage-first heap   total 236544K, used 183844K [0x0000000080000000, 0x0000000100000000)
  region size 1024K, 2 young (2048K), 2 survivors (2048K)
 Metaspace       used 102913K, committed 104000K, reserved 557056K
  class space    used 14411K, committed 14912K, reserved 425984K
}
Event: 53.740 GC heap before
{Heap before GC invocations=64 (full 0):
 garbage-first heap   total 236544K, used 204324K [0x0000000080000000, 0x0000000100000000)
  region size 1024K, 23 young (23552K), 2 survivors (2048K)
 Metaspace       used 103063K, committed 104128K, reserved 557056K
  class space    used 14432K, committed 14912K, reserved 425984K
}
Event: 53.745 GC heap after
{Heap after GC invocations=65 (full 0):
 garbage-first heap   total 236544K, used 187200K [0x0000000080000000, 0x0000000100000000)
  region size 1024K, 3 young (3072K), 3 survivors (3072K)
 Metaspace       used 103063K, committed 104128K, reserved 557056K
  class space    used 14432K, committed 14912K, reserved 425984K
}

